<?xml version="1.0" encoding="UTF-8"?>
<!-- Generated by org.testng.reporters.JUnitReportReporter -->
<testsuite hostname="DESKTOP-JCOPT59" failures="0" tests="3" name="seleniumGrid.ParallelTest" time="163.534" errors="0" timestamp="2024-07-23T17:16:42 IST" skipped="0">
  <testcase classname="seleniumGrid.ParallelTest" name="crossBrowserTest" time="55.553"/>
  <system-out/>
  <testcase classname="seleniumGrid.ParallelTest" name="crossBrowserTest" time="56.446"/>
  <system-out/>
  <testcase classname="seleniumGrid.ParallelTest" name="crossBrowserTest" time="51.535"/>
  <system-out/>
</testsuite> <!-- seleniumGrid.ParallelTest -->
