<?xml version="1.0" encoding="UTF-8"?>
<!-- Generated by org.testng.reporters.JUnitReportReporter -->
<testsuite hostname="DESKTOP-JCOPT59" failures="0" tests="3" name="seleniumGrid.ParallelTest" time="67.157" errors="0" timestamp="2024-07-23T17:50:28 IST" skipped="0">
  <testcase classname="seleniumGrid.ParallelTest" name="crossBrowserTest" time="18.277"/>
  <system-out/>
  <testcase classname="seleniumGrid.ParallelTest" name="crossBrowserTest" time="21.481"/>
  <system-out/>
  <testcase classname="seleniumGrid.ParallelTest" name="crossBrowserTest" time="27.399"/>
  <system-out/>
</testsuite> <!-- seleniumGrid.ParallelTest -->
