<?xml version="1.0" encoding="UTF-8"?>
<!-- Generated by org.testng.reporters.JUnitReportReporter -->
<testsuite hostname="DESKTOP-JCOPT59" failures="0" tests="3" name="seleniumGrid.NewTest" time="44.017" errors="0" timestamp="2024-07-23T18:40:16 IST" skipped="0">
  <testcase classname="seleniumGrid.NewTest" name="crossBrowserTest" time="11.776"/>
  <system-out/>
  <testcase classname="seleniumGrid.NewTest" name="crossBrowserTest" time="11.788"/>
  <system-out/>
  <testcase classname="seleniumGrid.NewTest" name="crossBrowserTest" time="20.453"/>
  <system-out/>
</testsuite> <!-- seleniumGrid.NewTest -->
